<?xml version="1.0" encoding="UTF-8"?>
<!-- Generated by org.testng.reporters.JUnitReportReporter -->
<testsuite hostname="TI012586674557" failures="0" tests="15" name="com.gs.number.one.missing.number.finder.MissingNumberFinderTest" time="0.018" errors="0" timestamp="2021-02-12T12:33:29 EST" skipped="0">
  <testcase classname="com.gs.number.one.missing.number.finder.MissingNumberFinderTest" name="testEmptyScnerio" time="0.001"/>
  <system-out/>
  <testcase classname="com.gs.number.one.missing.number.finder.MissingNumberFinderTest" name="testFirstNumberMissingScnerio" time="0.000"/>
  <system-out/>
  <testcase classname="com.gs.number.one.missing.number.finder.MissingNumberFinderTest" name="testMiddleScnerio" time="0.001"/>
  <system-out/>
  <testcase classname="com.gs.number.one.missing.number.finder.MissingNumberFinderTest" name="testNullScnerio" time="0.001"/>
  <system-out/>
  <testcase classname="com.gs.number.one.missing.number.finder.MissingNumberFinderTest" name="testEmptyScnerio" time="0.002"/>
  <system-out/>
  <testcase classname="com.gs.number.one.missing.number.finder.MissingNumberFinderTest" name="testNullScnerio" time="0.001"/>
  <system-out/>
  <testcase classname="com.gs.number.one.missing.number.finder.MissingNumberFinderTest" name="testMiddleScnerio" time="0.001"/>
  <system-out/>
  <testcase classname="com.gs.number.one.missing.number.finder.MissingNumberFinderTest" name="testLastMissingScnerio" time="0.001"/>
  <system-out/>
  <testcase classname="com.gs.number.one.missing.number.finder.MissingNumberFinderTest" name="testMiddleScnerio" time="0.000"/>
  <system-out/>
  <testcase classname="com.gs.number.one.missing.number.finder.MissingNumberFinderTest" name="testLastMissingScnerio" time="0.001"/>
  <system-out/>
  <testcase classname="com.gs.number.one.missing.number.finder.MissingNumberFinderTest" name="testFirstNumberMissingScnerio" time="0.003"/>
  <system-out/>
  <testcase classname="com.gs.number.one.missing.number.finder.MissingNumberFinderTest" name="testNullScnerio" time="0.000"/>
  <system-out/>
  <testcase classname="com.gs.number.one.missing.number.finder.MissingNumberFinderTest" name="testEmptyScnerio" time="0.005"/>
  <system-out/>
  <testcase classname="com.gs.number.one.missing.number.finder.MissingNumberFinderTest" name="testLastMissingScnerio" time="0.000"/>
  <system-out/>
  <testcase classname="com.gs.number.one.missing.number.finder.MissingNumberFinderTest" name="testFirstNumberMissingScnerio" time="0.001"/>
  <system-out/>
</testsuite> <!-- com.gs.number.one.missing.number.finder.MissingNumberFinderTest -->
