<?xml version="1.0" encoding="UTF-8"?>
<!-- Generated by org.testng.reporters.JUnitReportReporter -->
<testsuite hostname="TI012586674557" failures="0" tests="5" name="com.gs.number.multiple.missing.number.finder.MissingMultipleNumbersFinderUsingXORTest" time="0.012" errors="0" timestamp="2021-02-15T10:26:37 EST" skipped="0">
  <testcase classname="com.gs.number.multiple.missing.number.finder.MissingMultipleNumbersFinderUsingXORTest" name="testLastMissingScnerio" time="0.001"/>
  <system-out/>
  <testcase classname="com.gs.number.multiple.missing.number.finder.MissingMultipleNumbersFinderUsingXORTest" name="testNullScnerio" time="0.001"/>
  <system-out/>
  <testcase classname="com.gs.number.multiple.missing.number.finder.MissingMultipleNumbersFinderUsingXORTest" name="testEmptyScnerio" time="0.007"/>
  <system-out/>
  <testcase classname="com.gs.number.multiple.missing.number.finder.MissingMultipleNumbersFinderUsingXORTest" name="testFirstNumberMissingScnerio" time="0.001"/>
  <system-out/>
  <testcase classname="com.gs.number.multiple.missing.number.finder.MissingMultipleNumbersFinderUsingXORTest" name="testMiddleScnerio" time="0.002"/>
  <system-out/>
</testsuite> <!-- com.gs.number.multiple.missing.number.finder.MissingMultipleNumbersFinderUsingXORTest -->
